2025-01-25 17:14:35 - INFO - Test execution started.
2025-01-25 17:14:59 - INFO - Test execution started.
2025-01-25 17:15:00 - INFO - Driver initialized successfully.
2025-01-25 17:15:09 - INFO - Website opened and ready for interaction.
2025-01-25 17:15:09 - INFO - Form submission initiated.
2025-01-25 17:15:09 - ERROR - Error in form submission: readExcelData() missing 1 required positional argument: 'config'
2025-01-25 17:15:09 - INFO - Form filled and submitted successfully.
2025-01-25 17:15:11 - INFO - Browser closed. Test execution completed.
2025-01-25 17:17:27 - INFO - Test execution started.
2025-01-25 17:17:28 - INFO - Driver initialized successfully.
2025-01-25 17:17:39 - INFO - Website opened and ready for interaction.
2025-01-25 17:17:39 - INFO - Form submission initiated.
2025-01-25 17:17:40 - ERROR - Error in form submission: readExcelData() missing 1 required positional argument: 'config'
2025-01-25 17:17:40 - INFO - Form filled and submitted successfully.
2025-01-25 17:17:42 - INFO - Browser closed. Test execution completed.
2025-01-25 17:18:39 - INFO - Test execution started.
2025-01-25 17:18:40 - INFO - Driver initialized successfully.
2025-01-25 17:18:45 - INFO - Website opened and ready for interaction.
2025-01-25 17:18:45 - INFO - Form submission initiated.
2025-01-25 17:18:48 - INFO - Form submitted successfully.
2025-01-25 17:18:48 - INFO - Success message: Thanks for submitting the form
2025-01-25 17:18:48 - INFO - Form filled and submitted successfully.
2025-01-25 17:18:50 - INFO - Browser closed. Test execution completed.
2025-01-25 17:19:23 - INFO - Test execution started.
2025-01-25 17:19:25 - INFO - Driver initialized successfully.
2025-01-25 17:19:34 - CRITICAL - Critical error in main execution: Message: unknown error: failed to change window state to 'normal', current state is 'maximized'
  (Session info: chrome=131.0.6778.265)
Stacktrace:
	GetHandleVerifier [0x00007FF7869380D5+2992373]
	(No symbol) [0x00007FF7865CBFD0]
	(No symbol) [0x00007FF78646590A]
	(No symbol) [0x00007FF78644379E]
	(No symbol) [0x00007FF786441B77]
	(No symbol) [0x00007FF7864400D3]
	(No symbol) [0x00007FF7865173C1]
	(No symbol) [0x00007FF7864DF36A]
	(No symbol) [0x00007FF7864FF584]
	(No symbol) [0x00007FF7864DF113]
	(No symbol) [0x00007FF7864AA918]
	(No symbol) [0x00007FF7864ABA81]
	GetHandleVerifier [0x00007FF786996A2D+3379789]
	GetHandleVerifier [0x00007FF7869AC32D+3468109]
	GetHandleVerifier [0x00007FF7869A0043+3418211]
	GetHandleVerifier [0x00007FF78672C78B+847787]
	(No symbol) [0x00007FF7865D757F]
	(No symbol) [0x00007FF7865D2FC4]
	(No symbol) [0x00007FF7865D315D]
	(No symbol) [0x00007FF7865C2979]
	BaseThreadInitThunk [0x00007FFA0A5A259D+29]
	RtlUserThreadStart [0x00007FFA0B24AF38+40]

2025-01-25 18:18:46 - INFO - Test execution started.
2025-01-25 18:18:47 - INFO - Driver initialized successfully.
2025-01-25 18:18:57 - INFO - Website opened and ready for interaction.
2025-01-25 18:18:57 - INFO - Form submission initiated.
2025-01-25 18:19:04 - INFO - Form submitted successfully.
2025-01-25 18:19:04 - INFO - Success message: Thanks for submitting the form
2025-01-25 18:19:05 - INFO - Form filled and submitted successfully.
2025-01-25 18:19:07 - INFO - Browser closed. Test execution completed.
2025-01-27 19:35:09 - INFO - Test execution started.
2025-01-27 19:35:13 - INFO - Driver initialized successfully.
2025-01-27 19:35:28 - INFO - Website opened and ready for interaction.
2025-01-27 19:35:28 - INFO - Form submission initiated.
2025-01-27 19:35:31 - INFO - Form submitted successfully.
2025-01-27 19:35:31 - INFO - Success message: Thanks for submitting the form
2025-01-27 19:35:31 - INFO - Form filled and submitted successfully.
2025-01-27 19:35:34 - INFO - Browser closed. Test execution completed.
2025-01-27 21:11:36 - INFO - Test execution started.
